<!DOCTYPE html PUBLIC "-//W3C//DTD XHTML 1.1//EN" "https://www.w3.org/TR/xhtml11/DTD/xhtml11.dtd">
<html xmlns="https://www.w3.org/1999/xhtml">
<head>
<meta http-equiv="content-type" content="text/html; charset=UTF-8"/>
<title>TestNG Report</title>
<style type="text/css">table {margin-bottom:10px;border-collapse:collapse;empty-cells:show}th,td {border:1px solid #009;padding:.25em .5em}th {vertical-align:bottom}td {vertical-align:top}table a {font-weight:bold}.stripe td {background-color: #E6EBF9}.num {text-align:right}.passedodd td {background-color: #3F3}.passedeven td {background-color: #0A0}.skippedodd td {background-color: #DDD}.skippedeven td {background-color: #CCC}.failedodd td,.attn {background-color: #F33}.failedeven td,.stripe .attn {background-color: #D00}.stacktrace {white-space:pre;font-family:monospace}.totop {font-size:85%;text-align:center;border-bottom:2px solid #000}.invisible {display:none}</style>
</head>
<body>
<table>
<tr><th>Test</th><th># Passed</th><th># Skipped</th><th># Retried</th><th># Failed</th><th>Time (ms)</th><th>Included Groups</th><th>Excluded Groups</th></tr>
<tr><th colspan="8">Suite</th></tr>
<tr><td><a href="#t0">Test</a></td><td class="num">5</td><td class="num">0</td><td class="num">0</td><td class="num attn">3</td><td class="num">216,644</td><td></td><td></td></tr>
</table>
<table id='summary'><thead><tr><th>Class</th><th>Method</th><th>Start</th><th>Time (ms)</th></tr></thead><tbody><tr><th colspan="4">Suite</th></tr></tbody><tbody id="t0"><tr><th colspan="4">Test &#8212; failed</th></tr><tr class="failedeven"><td rowspan="1">com.testcases.ENDTOENDTESTING</td><td><a href="#m0">endtoend</a></td><td rowspan="1">1684496043635</td><td rowspan="1">55996</td></tr><tr class="failedodd"><td rowspan="1">com.testcases.LOGINPAGEtest</td><td><a href="#m1">logintest</a></td><td rowspan="1">1684496030864</td><td rowspan="1">69</td></tr><tr class="failedeven"><td rowspan="1">com.testcases.NEXTPAGEtest</td><td><a href="#m2">searchtest</a></td><td rowspan="1">1684496109814</td><td rowspan="1">2</td></tr><tr><th colspan="4">Test &#8212; passed</th></tr><tr class="passedeven"><td rowspan="1">com.testcases.Homepagetest</td><td><a href="#m3">mylist</a></td><td rowspan="1">1684496152054</td><td rowspan="1">42381</td></tr><tr class="passedodd"><td rowspan="1">com.testcases.MYprofileeditTEST</td><td><a href="#m4">ticketscreation</a></td><td rowspan="1">1684496205292</td><td rowspan="1">1411</td></tr><tr class="passedeven"><td rowspan="1">com.testcases.SEARCHBUTTONtest</td><td><a href="#m5">searchtest</a></td><td rowspan="1">1684496119818</td><td rowspan="1">4213</td></tr><tr class="passedodd"><td rowspan="1">com.testcases.STARTandENDtest</td><td><a href="#m6">searchtest</a></td><td rowspan="1">1684496134562</td><td rowspan="1">6959</td></tr><tr class="passedeven"><td rowspan="1">com.testcases.TICKETSCREATIONtest</td><td><a href="#m7">ticketscreation</a></td><td rowspan="1">1684496004185</td><td rowspan="1">14033</td></tr></tbody>
</table>
<h2>Test</h2><h3 id="m0">com.testcases.ENDTOENDTESTING#endtoend</h3><table class="result"><tr><th>Exception</th></tr><tr><td><div class="stacktrace">java.lang.ClassCastException: class java.lang.ThreadLocal cannot be cast to class org.openqa.selenium.JavascriptExecutor (java.lang.ThreadLocal is in module java.base of loader &apos;bootstrap&apos;; org.openqa.selenium.JavascriptExecutor is in unnamed module of loader &apos;app&apos;)
	at com.pageobjects.NEXTANDPRIVIOUSPAGEtest.nextpage(NEXTANDPRIVIOUSPAGEtest.java:31)
	at com.testcases.ENDTOENDTESTING.endtoend(ENDTOENDTESTING.java:57)
	at java.base/java.util.ArrayList.forEach(ArrayList.java:1511)
... Removed 25 stack frames</div></td></tr></table><p class="totop"><a href="#summary">back to summary</a></p>
<h3 id="m1">com.testcases.LOGINPAGEtest#logintest</h3><table class="result"><tr><th>Exception</th></tr><tr><td><div class="stacktrace">java.lang.AssertionError: expected [true] but found [false]
	at com.testcases.LOGINPAGEtest.logintest(LOGINPAGEtest.java:40)
	at java.base/java.util.ArrayList.forEach(ArrayList.java:1511)
... Removed 29 stack frames</div></td></tr></table><p class="totop"><a href="#summary">back to summary</a></p>
<h3 id="m2">com.testcases.NEXTPAGEtest#searchtest</h3><table class="result"><tr><th>Exception</th></tr><tr><td><div class="stacktrace">java.lang.ClassCastException: class java.lang.ThreadLocal cannot be cast to class org.openqa.selenium.JavascriptExecutor (java.lang.ThreadLocal is in module java.base of loader &apos;bootstrap&apos;; org.openqa.selenium.JavascriptExecutor is in unnamed module of loader &apos;app&apos;)
	at com.pageobjects.NEXTANDPRIVIOUSPAGEtest.nextpage(NEXTANDPRIVIOUSPAGEtest.java:31)
	at com.testcases.NEXTPAGEtest.searchtest(NEXTPAGEtest.java:33)
	at java.base/java.util.ArrayList.forEach(ArrayList.java:1511)
... Removed 25 stack frames</div></td></tr></table><p class="totop"><a href="#summary">back to summary</a></p>
<h3 id="m3">com.testcases.Homepagetest#mylist</h3><table class="result"><tr><th class="invisible"/></tr></table><p class="totop"><a href="#summary">back to summary</a></p>
<h3 id="m4">com.testcases.MYprofileeditTEST#ticketscreation</h3><table class="result"><tr><th class="invisible"/></tr></table><p class="totop"><a href="#summary">back to summary</a></p>
<h3 id="m5">com.testcases.SEARCHBUTTONtest#searchtest</h3><table class="result"><tr><th class="invisible"/></tr></table><p class="totop"><a href="#summary">back to summary</a></p>
<h3 id="m6">com.testcases.STARTandENDtest#searchtest</h3><table class="result"><tr><th class="invisible"/></tr></table><p class="totop"><a href="#summary">back to summary</a></p>
<h3 id="m7">com.testcases.TICKETSCREATIONtest#ticketscreation</h3><table class="result"><tr><th class="invisible"/></tr></table><p class="totop"><a href="#summary">back to summary</a></p>
</body>
</html>
