<?xml version="1.0" encoding="UTF-8"?>
<testng-results ignored="14" total="22" passed="5" failed="3" skipped="0">
  <reporter-output>
  </reporter-output>
  <suite started-at="2023-05-19T17:03:12 IST" name="Suite" finished-at="2023-05-19T17:06:48 IST" duration-ms="216644">
    <groups>
      <group name="regression">
        <method signature="ENDTOENDTESTING.endtoend()[pri:0, instance:com.testcases.ENDTOENDTESTING@4135c3b]" name="endtoend" class="com.testcases.ENDTOENDTESTING"/>
        <method signature="LOGINPAGEtest.logintest()[pri:0, instance:com.testcases.LOGINPAGEtest@2a65fe7c]" name="logintest" class="com.testcases.LOGINPAGEtest"/>
        <method signature="MYprofileeditTEST.ticketscreation()[pri:0, instance:com.testcases.MYprofileeditTEST@5c6648b0]" name="ticketscreation" class="com.testcases.MYprofileeditTEST"/>
      </group> <!-- regression -->
      <group name="smoke">
        <method signature="Homepagetest.mylist()[pri:0, instance:com.testcases.Homepagetest@2a4fb17b]" name="mylist" class="com.testcases.Homepagetest"/>
        <method signature="LOGINPAGEtest.logintest()[pri:0, instance:com.testcases.LOGINPAGEtest@2a65fe7c]" name="logintest" class="com.testcases.LOGINPAGEtest"/>
        <method signature="SEARCHBUTTONtest.searchtest()[pri:0, instance:com.testcases.SEARCHBUTTONtest@31304f14]" name="searchtest" class="com.testcases.SEARCHBUTTONtest"/>
        <method signature="STARTandENDtest.searchtest()[pri:0, instance:com.testcases.STARTandENDtest@34a3d150]" name="searchtest" class="com.testcases.STARTandENDtest"/>
      </group> <!-- smoke -->
      <group name="sanity">
        <method signature="LOGINPAGEtest.logintest()[pri:0, instance:com.testcases.LOGINPAGEtest@2a65fe7c]" name="logintest" class="com.testcases.LOGINPAGEtest"/>
        <method signature="NEXTPAGEtest.searchtest()[pri:0, instance:com.testcases.NEXTPAGEtest@6302bbb1]" name="searchtest" class="com.testcases.NEXTPAGEtest"/>
        <method signature="TICKETSCREATIONtest.ticketscreation()[pri:0, instance:com.testcases.TICKETSCREATIONtest@35d019a3]" name="ticketscreation" class="com.testcases.TICKETSCREATIONtest"/>
      </group> <!-- sanity -->
    </groups>
    <test started-at="2023-05-19T17:03:12 IST" name="Test" finished-at="2023-05-19T17:06:48 IST" duration-ms="216644">
      <class name="com.testcases.MYprofileeditTEST">
        <test-method is-config="true" signature="setup(java.lang.String)[pri:0, instance:com.testcases.MYprofileeditTEST@5c6648b0]" started-at="2023-05-19T17:06:34 IST" name="setup" finished-at="2023-05-19T17:06:45 IST" duration-ms="10293" status="PASS">
          <params>
            <param index="0">
              <value>
                <![CDATA[chrome]]>
              </value>
            </param>
          </params>
          <reporter-output>
          </reporter-output>
        </test-method> <!-- setup -->
        <test-method signature="ticketscreation()[pri:0, instance:com.testcases.MYprofileeditTEST@5c6648b0]" started-at="2023-05-19T17:06:45 IST" name="ticketscreation" finished-at="2023-05-19T17:06:46 IST" duration-ms="1411" status="PASS">
          <reporter-output>
          </reporter-output>
        </test-method> <!-- ticketscreation -->
        <test-method is-config="true" signature="teardown()[pri:0, instance:com.testcases.MYprofileeditTEST@5c6648b0]" started-at="2023-05-19T17:06:46 IST" name="teardown" finished-at="2023-05-19T17:06:48 IST" duration-ms="2228" status="PASS">
          <reporter-output>
          </reporter-output>
        </test-method> <!-- teardown -->
      </class> <!-- com.testcases.MYprofileeditTEST -->
      <class name="com.testcases.STARTandENDtest">
        <test-method is-config="true" signature="setup(java.lang.String)[pri:0, instance:com.testcases.STARTandENDtest@34a3d150]" started-at="2023-05-19T17:05:24 IST" name="setup" finished-at="2023-05-19T17:05:34 IST" duration-ms="10515" status="PASS">
          <params>
            <param index="0">
              <value>
                <![CDATA[chrome]]>
              </value>
            </param>
          </params>
          <reporter-output>
          </reporter-output>
        </test-method> <!-- setup -->
        <test-method signature="searchtest()[pri:0, instance:com.testcases.STARTandENDtest@34a3d150]" started-at="2023-05-19T17:05:34 IST" name="searchtest" finished-at="2023-05-19T17:05:41 IST" duration-ms="6959" status="PASS">
          <reporter-output>
          </reporter-output>
        </test-method> <!-- searchtest -->
        <test-method is-config="true" signature="teardown()[pri:0, instance:com.testcases.STARTandENDtest@34a3d150]" started-at="2023-05-19T17:05:41 IST" name="teardown" finished-at="2023-05-19T17:05:41 IST" duration-ms="1" status="PASS">
          <reporter-output>
          </reporter-output>
        </test-method> <!-- teardown -->
      </class> <!-- com.testcases.STARTandENDtest -->
      <class name="com.testcases.SEARCHBUTTONtest">
        <test-method is-config="true" signature="setup(java.lang.String)[pri:0, instance:com.testcases.SEARCHBUTTONtest@31304f14]" started-at="2023-05-19T17:05:10 IST" name="setup" finished-at="2023-05-19T17:05:19 IST" duration-ms="9756" status="PASS">
          <params>
            <param index="0">
              <value>
                <![CDATA[chrome]]>
              </value>
            </param>
          </params>
          <reporter-output>
          </reporter-output>
        </test-method> <!-- setup -->
        <test-method signature="searchtest()[pri:0, instance:com.testcases.SEARCHBUTTONtest@31304f14]" started-at="2023-05-19T17:05:19 IST" name="searchtest" finished-at="2023-05-19T17:05:24 IST" duration-ms="4213" status="PASS">
          <reporter-output>
          </reporter-output>
        </test-method> <!-- searchtest -->
        <test-method is-config="true" signature="teardown()[pri:0, instance:com.testcases.SEARCHBUTTONtest@31304f14]" started-at="2023-05-19T17:05:24 IST" name="teardown" finished-at="2023-05-19T17:05:24 IST" duration-ms="13" status="PASS">
          <reporter-output>
          </reporter-output>
        </test-method> <!-- teardown -->
      </class> <!-- com.testcases.SEARCHBUTTONtest -->
      <class name="com.testcases.LOGINPAGEtest">
        <test-method is-config="true" signature="setup(java.lang.String)[pri:0, instance:com.testcases.LOGINPAGEtest@2a65fe7c]" started-at="2023-05-19T17:03:41 IST" name="setup" finished-at="2023-05-19T17:03:50 IST" duration-ms="9847" status="PASS">
          <params>
            <param index="0">
              <value>
                <![CDATA[chrome]]>
              </value>
            </param>
          </params>
          <reporter-output>
          </reporter-output>
        </test-method> <!-- setup -->
        <test-method signature="logintest()[pri:0, instance:com.testcases.LOGINPAGEtest@2a65fe7c]" started-at="2023-05-19T17:03:50 IST" name="logintest" finished-at="2023-05-19T17:03:50 IST" duration-ms="69" status="FAIL">
          <exception class="java.lang.AssertionError">
            <message>
              <![CDATA[expected [true] but found [false]]]>
            </message>
            <full-stacktrace>
              <![CDATA[java.lang.AssertionError: expected [true] but found [false]
at org.testng.Assert.fail(Assert.java:99)
at org.testng.Assert.failNotEquals(Assert.java:1037)
at org.testng.Assert.assertTrue(Assert.java:45)
at org.testng.Assert.assertTrue(Assert.java:55)
at com.testcases.LOGINPAGEtest.logintest(LOGINPAGEtest.java:40)
at java.base/jdk.internal.reflect.DirectMethodHandleAccessor.invoke(DirectMethodHandleAccessor.java:104)
at java.base/java.lang.reflect.Method.invoke(Method.java:578)
at org.testng.internal.MethodInvocationHelper.invokeMethod(MethodInvocationHelper.java:133)
at org.testng.internal.TestInvoker.invokeMethod(TestInvoker.java:598)
at org.testng.internal.TestInvoker.invokeTestMethod(TestInvoker.java:173)
at org.testng.internal.MethodRunner.runInSequence(MethodRunner.java:46)
at org.testng.internal.TestInvoker$MethodInvocationAgent.invoke(TestInvoker.java:824)
at org.testng.internal.TestInvoker.invokeTestMethods(TestInvoker.java:146)
at org.testng.internal.TestMethodWorker.invokeTestMethods(TestMethodWorker.java:146)
at org.testng.internal.TestMethodWorker.run(TestMethodWorker.java:128)
at java.base/java.util.ArrayList.forEach(ArrayList.java:1511)
at org.testng.TestRunner.privateRun(TestRunner.java:794)
at org.testng.TestRunner.run(TestRunner.java:596)
at org.testng.SuiteRunner.runTest(SuiteRunner.java:377)
at org.testng.SuiteRunner.runSequentially(SuiteRunner.java:371)
at org.testng.SuiteRunner.privateRun(SuiteRunner.java:332)
at org.testng.SuiteRunner.run(SuiteRunner.java:276)
at org.testng.SuiteRunnerWorker.runSuite(SuiteRunnerWorker.java:53)
at org.testng.SuiteRunnerWorker.run(SuiteRunnerWorker.java:96)
at org.testng.TestNG.runSuitesSequentially(TestNG.java:1212)
at org.testng.TestNG.runSuitesLocally(TestNG.java:1134)
at org.testng.TestNG.runSuites(TestNG.java:1063)
at org.testng.TestNG.run(TestNG.java:1031)
at org.testng.remote.AbstractRemoteTestNG.run(AbstractRemoteTestNG.java:115)
at org.testng.remote.RemoteTestNG.initAndRun(RemoteTestNG.java:251)
at org.testng.remote.RemoteTestNG.main(RemoteTestNG.java:77)
]]>
            </full-stacktrace>
          </exception> <!-- java.lang.AssertionError -->
          <reporter-output>
          </reporter-output>
        </test-method> <!-- logintest -->
        <test-method is-config="true" signature="teardown()[pri:0, instance:com.testcases.LOGINPAGEtest@2a65fe7c]" started-at="2023-05-19T17:03:51 IST" name="teardown" finished-at="2023-05-19T17:03:51 IST" duration-ms="556" status="PASS">
          <reporter-output>
          </reporter-output>
        </test-method> <!-- teardown -->
      </class> <!-- com.testcases.LOGINPAGEtest -->
      <class name="com.testcases.NEXTPAGEtest">
        <test-method is-config="true" signature="setup(java.lang.String)[pri:0, instance:com.testcases.NEXTPAGEtest@6302bbb1]" started-at="2023-05-19T17:04:59 IST" name="setup" finished-at="2023-05-19T17:05:09 IST" duration-ms="9896" status="PASS">
          <params>
            <param index="0">
              <value>
                <![CDATA[chrome]]>
              </value>
            </param>
          </params>
          <reporter-output>
          </reporter-output>
        </test-method> <!-- setup -->
        <test-method signature="searchtest()[pri:0, instance:com.testcases.NEXTPAGEtest@6302bbb1]" started-at="2023-05-19T17:05:09 IST" name="searchtest" finished-at="2023-05-19T17:05:09 IST" duration-ms="2" status="FAIL">
          <exception class="java.lang.ClassCastException">
            <message>
              <![CDATA[class java.lang.ThreadLocal cannot be cast to class org.openqa.selenium.JavascriptExecutor (java.lang.ThreadLocal is in module java.base of loader 'bootstrap'; org.openqa.selenium.JavascriptExecutor is in unnamed module of loader 'app')]]>
            </message>
            <full-stacktrace>
              <![CDATA[java.lang.ClassCastException: class java.lang.ThreadLocal cannot be cast to class org.openqa.selenium.JavascriptExecutor (java.lang.ThreadLocal is in module java.base of loader 'bootstrap'; org.openqa.selenium.JavascriptExecutor is in unnamed module of loader 'app')
at com.pageobjects.NEXTANDPRIVIOUSPAGEtest.nextpage(NEXTANDPRIVIOUSPAGEtest.java:31)
at com.testcases.NEXTPAGEtest.searchtest(NEXTPAGEtest.java:33)
at java.base/jdk.internal.reflect.DirectMethodHandleAccessor.invoke(DirectMethodHandleAccessor.java:104)
at java.base/java.lang.reflect.Method.invoke(Method.java:578)
at org.testng.internal.MethodInvocationHelper.invokeMethod(MethodInvocationHelper.java:133)
at org.testng.internal.TestInvoker.invokeMethod(TestInvoker.java:598)
at org.testng.internal.TestInvoker.invokeTestMethod(TestInvoker.java:173)
at org.testng.internal.MethodRunner.runInSequence(MethodRunner.java:46)
at org.testng.internal.TestInvoker$MethodInvocationAgent.invoke(TestInvoker.java:824)
at org.testng.internal.TestInvoker.invokeTestMethods(TestInvoker.java:146)
at org.testng.internal.TestMethodWorker.invokeTestMethods(TestMethodWorker.java:146)
at org.testng.internal.TestMethodWorker.run(TestMethodWorker.java:128)
at java.base/java.util.ArrayList.forEach(ArrayList.java:1511)
at org.testng.TestRunner.privateRun(TestRunner.java:794)
at org.testng.TestRunner.run(TestRunner.java:596)
at org.testng.SuiteRunner.runTest(SuiteRunner.java:377)
at org.testng.SuiteRunner.runSequentially(SuiteRunner.java:371)
at org.testng.SuiteRunner.privateRun(SuiteRunner.java:332)
at org.testng.SuiteRunner.run(SuiteRunner.java:276)
at org.testng.SuiteRunnerWorker.runSuite(SuiteRunnerWorker.java:53)
at org.testng.SuiteRunnerWorker.run(SuiteRunnerWorker.java:96)
at org.testng.TestNG.runSuitesSequentially(TestNG.java:1212)
at org.testng.TestNG.runSuitesLocally(TestNG.java:1134)
at org.testng.TestNG.runSuites(TestNG.java:1063)
at org.testng.TestNG.run(TestNG.java:1031)
at org.testng.remote.AbstractRemoteTestNG.run(AbstractRemoteTestNG.java:115)
at org.testng.remote.RemoteTestNG.initAndRun(RemoteTestNG.java:251)
at org.testng.remote.RemoteTestNG.main(RemoteTestNG.java:77)
]]>
            </full-stacktrace>
          </exception> <!-- java.lang.ClassCastException -->
          <reporter-output>
          </reporter-output>
        </test-method> <!-- searchtest -->
        <test-method is-config="true" signature="teardown()[pri:0, instance:com.testcases.NEXTPAGEtest@6302bbb1]" started-at="2023-05-19T17:05:10 IST" name="teardown" finished-at="2023-05-19T17:05:10 IST" duration-ms="1" status="PASS">
          <reporter-output>
          </reporter-output>
        </test-method> <!-- teardown -->
      </class> <!-- com.testcases.NEXTPAGEtest -->
      <class name="com.testcases.ENDTOENDTESTING">
        <test-method is-config="true" signature="setup(java.lang.String)[pri:0, instance:com.testcases.ENDTOENDTESTING@4135c3b]" started-at="2023-05-19T17:03:51 IST" name="setup" finished-at="2023-05-19T17:04:03 IST" duration-ms="11881" status="PASS">
          <params>
            <param index="0">
              <value>
                <![CDATA[chrome]]>
              </value>
            </param>
          </params>
          <reporter-output>
          </reporter-output>
        </test-method> <!-- setup -->
        <test-method signature="endtoend()[pri:0, instance:com.testcases.ENDTOENDTESTING@4135c3b]" started-at="2023-05-19T17:04:03 IST" name="endtoend" finished-at="2023-05-19T17:04:59 IST" duration-ms="55996" status="FAIL">
          <exception class="java.lang.ClassCastException">
            <message>
              <![CDATA[class java.lang.ThreadLocal cannot be cast to class org.openqa.selenium.JavascriptExecutor (java.lang.ThreadLocal is in module java.base of loader 'bootstrap'; org.openqa.selenium.JavascriptExecutor is in unnamed module of loader 'app')]]>
            </message>
            <full-stacktrace>
              <![CDATA[java.lang.ClassCastException: class java.lang.ThreadLocal cannot be cast to class org.openqa.selenium.JavascriptExecutor (java.lang.ThreadLocal is in module java.base of loader 'bootstrap'; org.openqa.selenium.JavascriptExecutor is in unnamed module of loader 'app')
at com.pageobjects.NEXTANDPRIVIOUSPAGEtest.nextpage(NEXTANDPRIVIOUSPAGEtest.java:31)
at com.testcases.ENDTOENDTESTING.endtoend(ENDTOENDTESTING.java:57)
at java.base/jdk.internal.reflect.DirectMethodHandleAccessor.invoke(DirectMethodHandleAccessor.java:104)
at java.base/java.lang.reflect.Method.invoke(Method.java:578)
at org.testng.internal.MethodInvocationHelper.invokeMethod(MethodInvocationHelper.java:133)
at org.testng.internal.TestInvoker.invokeMethod(TestInvoker.java:598)
at org.testng.internal.TestInvoker.invokeTestMethod(TestInvoker.java:173)
at org.testng.internal.MethodRunner.runInSequence(MethodRunner.java:46)
at org.testng.internal.TestInvoker$MethodInvocationAgent.invoke(TestInvoker.java:824)
at org.testng.internal.TestInvoker.invokeTestMethods(TestInvoker.java:146)
at org.testng.internal.TestMethodWorker.invokeTestMethods(TestMethodWorker.java:146)
at org.testng.internal.TestMethodWorker.run(TestMethodWorker.java:128)
at java.base/java.util.ArrayList.forEach(ArrayList.java:1511)
at org.testng.TestRunner.privateRun(TestRunner.java:794)
at org.testng.TestRunner.run(TestRunner.java:596)
at org.testng.SuiteRunner.runTest(SuiteRunner.java:377)
at org.testng.SuiteRunner.runSequentially(SuiteRunner.java:371)
at org.testng.SuiteRunner.privateRun(SuiteRunner.java:332)
at org.testng.SuiteRunner.run(SuiteRunner.java:276)
at org.testng.SuiteRunnerWorker.runSuite(SuiteRunnerWorker.java:53)
at org.testng.SuiteRunnerWorker.run(SuiteRunnerWorker.java:96)
at org.testng.TestNG.runSuitesSequentially(TestNG.java:1212)
at org.testng.TestNG.runSuitesLocally(TestNG.java:1134)
at org.testng.TestNG.runSuites(TestNG.java:1063)
at org.testng.TestNG.run(TestNG.java:1031)
at org.testng.remote.AbstractRemoteTestNG.run(AbstractRemoteTestNG.java:115)
at org.testng.remote.RemoteTestNG.initAndRun(RemoteTestNG.java:251)
at org.testng.remote.RemoteTestNG.main(RemoteTestNG.java:77)
]]>
            </full-stacktrace>
          </exception> <!-- java.lang.ClassCastException -->
          <reporter-output>
          </reporter-output>
        </test-method> <!-- endtoend -->
        <test-method is-config="true" signature="teardown()[pri:0, instance:com.testcases.ENDTOENDTESTING@4135c3b]" started-at="2023-05-19T17:04:59 IST" name="teardown" finished-at="2023-05-19T17:04:59 IST" duration-ms="1" status="PASS">
          <reporter-output>
          </reporter-output>
        </test-method> <!-- teardown -->
      </class> <!-- com.testcases.ENDTOENDTESTING -->
      <class name="com.testcases.Homepagetest">
        <test-method is-config="true" signature="setup(java.lang.String)[pri:0, instance:com.testcases.Homepagetest@2a4fb17b]" started-at="2023-05-19T17:05:41 IST" name="setup" finished-at="2023-05-19T17:05:52 IST" duration-ms="10524" status="PASS">
          <params>
            <param index="0">
              <value>
                <![CDATA[chrome]]>
              </value>
            </param>
          </params>
          <reporter-output>
          </reporter-output>
        </test-method> <!-- setup -->
        <test-method signature="mylist()[pri:0, instance:com.testcases.Homepagetest@2a4fb17b]" started-at="2023-05-19T17:05:52 IST" name="mylist" finished-at="2023-05-19T17:06:34 IST" duration-ms="42381" status="PASS">
          <reporter-output>
          </reporter-output>
        </test-method> <!-- mylist -->
        <test-method is-config="true" signature="teardown()[pri:0, instance:com.testcases.Homepagetest@2a4fb17b]" started-at="2023-05-19T17:06:34 IST" name="teardown" finished-at="2023-05-19T17:06:34 IST" duration-ms="561" status="PASS">
          <reporter-output>
          </reporter-output>
        </test-method> <!-- teardown -->
      </class> <!-- com.testcases.Homepagetest -->
      <class name="com.testcases.TICKETSCREATIONtest">
        <test-method is-config="true" signature="launchbrowser1()[pri:0, instance:com.testcases.TICKETSCREATIONtest@35d019a3]" started-at="2023-05-19T17:03:11 IST" name="launchbrowser1" finished-at="2023-05-19T17:03:12 IST" duration-ms="426" status="PASS">
          <reporter-output>
          </reporter-output>
        </test-method> <!-- launchbrowser1 -->
        <test-method is-config="true" signature="setup(java.lang.String)[pri:0, instance:com.testcases.TICKETSCREATIONtest@35d019a3]" started-at="2023-05-19T17:03:12 IST" name="setup" finished-at="2023-05-19T17:03:24 IST" duration-ms="11862" status="PASS">
          <params>
            <param index="0">
              <value>
                <![CDATA[chrome]]>
              </value>
            </param>
          </params>
          <reporter-output>
          </reporter-output>
        </test-method> <!-- setup -->
        <test-method signature="ticketscreation()[pri:0, instance:com.testcases.TICKETSCREATIONtest@35d019a3]" started-at="2023-05-19T17:03:24 IST" name="ticketscreation" finished-at="2023-05-19T17:03:38 IST" duration-ms="14033" status="PASS">
          <reporter-output>
          </reporter-output>
        </test-method> <!-- ticketscreation -->
        <test-method is-config="true" signature="teardown()[pri:0, instance:com.testcases.TICKETSCREATIONtest@35d019a3]" started-at="2023-05-19T17:03:38 IST" name="teardown" finished-at="2023-05-19T17:03:41 IST" duration-ms="2789" status="PASS">
          <reporter-output>
          </reporter-output>
        </test-method> <!-- teardown -->
        <test-method is-config="true" signature="aftersuite()[pri:0, instance:com.testcases.TICKETSCREATIONtest@35d019a3]" started-at="2023-05-19T17:06:48 IST" name="aftersuite" finished-at="2023-05-19T17:06:49 IST" duration-ms="681" status="PASS">
          <reporter-output>
          </reporter-output>
        </test-method> <!-- aftersuite -->
      </class> <!-- com.testcases.TICKETSCREATIONtest -->
    </test> <!-- Test -->
  </suite> <!-- Suite -->
</testng-results>
