<?xml version="1.0" encoding="UTF-8"?>
<!-- Generated by org.testng.reporters.JUnitXMLReporter -->
<testsuite ignored="12" hostname="DT0868" failures="2" tests="3" name="sanity" time="60.694" errors="0" timestamp="2023-05-23T16:42:06 IST">
  <testcase classname="com.testcases.TICKETSCREATIONtest" name="ticketscreation" time="14.251"/>
  <testcase classname="com.testcases.LOGINPAGEtest" name="logintest" time="0.082">
    <failure type="java.lang.AssertionError" message="expected [true] but found [false]">
      <![CDATA[java.lang.AssertionError: expected [true] but found [false]
at com.testcases.LOGINPAGEtest.logintest(LOGINPAGEtest.java:40)
at java.base/java.util.ArrayList.forEach(ArrayList.java:1511)
... Removed 29 stack frames]]>
    </failure>
  </testcase> <!-- logintest -->
  <testcase classname="com.testcases.NEXTPAGEtest" name="searchtest" time="0.006">
    <failure type="java.lang.ClassCastException" message="class java.lang.ThreadLocal cannot be cast to class org.openqa.selenium.JavascriptExecutor (java.lang.ThreadLocal is in module java.base of loader &amp;apos;bootstrap&amp;apos;; org.openqa.selenium.JavascriptExecutor is in unnamed module of loader &amp;apos;app&amp;apos;)">
      <![CDATA[java.lang.ClassCastException: class java.lang.ThreadLocal cannot be cast to class org.openqa.selenium.JavascriptExecutor (java.lang.ThreadLocal is in module java.base of loader 'bootstrap'; org.openqa.selenium.JavascriptExecutor is in unnamed module of loader 'app')
at com.pageobjects.NEXTANDPRIVIOUSPAGEtest.nextpage(NEXTANDPRIVIOUSPAGEtest.java:31)
at com.testcases.NEXTPAGEtest.searchtest(NEXTPAGEtest.java:33)
at java.base/java.util.ArrayList.forEach(ArrayList.java:1511)
... Removed 25 stack frames]]>
    </failure>
  </testcase> <!-- searchtest -->
  <testcase classname="com.testcases.Homepagetest" name="mylist" time="0.0">
    <ignored/>
  </testcase> <!-- mylist -->
  <testcase classname="com.base.BASEclass" name="@BeforeSuite launchbrowser1" time="0.0">
    <ignored/>
  </testcase> <!-- @BeforeSuite launchbrowser1 -->
  <testcase classname="com.base.BASEclass" name="@BeforeSuite launchbrowser1" time="0.0">
    <ignored/>
  </testcase> <!-- @BeforeSuite launchbrowser1 -->
  <testcase classname="com.base.BASEclass" name="@BeforeSuite launchbrowser1" time="0.0">
    <ignored/>
  </testcase> <!-- @BeforeSuite launchbrowser1 -->
  <testcase classname="com.base.BASEclass" name="@BeforeSuite launchbrowser1" time="0.0">
    <ignored/>
  </testcase> <!-- @BeforeSuite launchbrowser1 -->
  <testcase classname="com.base.BASEclass" name="@BeforeSuite launchbrowser1" time="0.0">
    <ignored/>
  </testcase> <!-- @BeforeSuite launchbrowser1 -->
  <testcase classname="com.base.BASEclass" name="@BeforeSuite launchbrowser1" time="0.0">
    <ignored/>
  </testcase> <!-- @BeforeSuite launchbrowser1 -->
  <testcase classname="com.base.BASEclass" name="@BeforeSuite launchbrowser1" time="0.0">
    <ignored/>
  </testcase> <!-- @BeforeSuite launchbrowser1 -->
  <testcase classname="com.testcases.ENDTOENDTESTING" name="endtoend" time="0.0">
    <ignored/>
  </testcase> <!-- endtoend -->
  <testcase classname="com.testcases.MYprofileeditTEST" name="ticketscreation" time="0.0">
    <ignored/>
  </testcase> <!-- ticketscreation -->
  <testcase classname="com.testcases.SEARCHBUTTONtest" name="searchtest" time="0.0">
    <ignored/>
  </testcase> <!-- searchtest -->
  <testcase classname="com.testcases.STARTandENDtest" name="searchtest" time="0.0">
    <ignored/>
  </testcase> <!-- searchtest -->
</testsuite> <!-- sanity -->
